<?xml version="1.0" encoding="UTF-8"?>
<testsuite name="com.jojoldu.book.springboot.web.HelloControllerTest" tests="2" skipped="0" failures="0" errors="0" timestamp="2022-09-05T10:20:36" hostname="DESKTOP-N266S37" time="0.152">
  <properties/>
  <testcase name="hello가_리턴된다" classname="com.jojoldu.book.springboot.web.HelloControllerTest" time="0.04"/>
  <testcase name="helloDto가_리턴된다" classname="com.jojoldu.book.springboot.web.HelloControllerTest" time="0.111"/>
  <system-out><![CDATA[2022-09-05 19:20:35.309  INFO 13040 --- [    Test worker] .b.t.a.w.s.WebMvcTestContextBootstrapper : Neither @ContextConfiguration nor @ContextHierarchy found for test class [com.jojoldu.book.springboot.web.HelloControllerTest], using SpringBootContextLoader
2022-09-05 19:20:35.311  INFO 13040 --- [    Test worker] o.s.t.c.support.AbstractContextLoader    : Could not detect default resource locations for test class [com.jojoldu.book.springboot.web.HelloControllerTest]: no resource found for suffixes {-context.xml, Context.groovy}.
2022-09-05 19:20:35.311  INFO 13040 --- [    Test worker] t.c.s.AnnotationConfigContextLoaderUtils : Could not detect default configuration classes for test class [com.jojoldu.book.springboot.web.HelloControllerTest]: HelloControllerTest does not declare any static, non-private, non-final, nested classes annotated with @Configuration.
2022-09-05 19:20:35.331  INFO 13040 --- [    Test worker] .b.t.c.SpringBootTestContextBootstrapper : Found @SpringBootConfiguration com.jojoldu.book.springboot.Application for test class com.jojoldu.book.springboot.web.HelloControllerTest
2022-09-05 19:20:35.332  INFO 13040 --- [    Test worker] .b.t.a.w.s.WebMvcTestContextBootstrapper : Loaded default TestExecutionListener class names from location [META-INF/spring.factories]: [org.springframework.security.test.context.support.WithSecurityContextTestExecutionListener, org.springframework.security.test.context.support.ReactorContextTestExecutionListener, org.springframework.boot.test.autoconfigure.restdocs.RestDocsTestExecutionListener, org.springframework.boot.test.autoconfigure.web.client.MockRestServiceServerResetTestExecutionListener, org.springframework.boot.test.autoconfigure.web.servlet.MockMvcPrintOnlyOnFailureTestExecutionListener, org.springframework.boot.test.autoconfigure.web.servlet.WebDriverTestExecutionListener, org.springframework.boot.test.mock.mockito.MockitoTestExecutionListener, org.springframework.boot.test.mock.mockito.ResetMocksTestExecutionListener, org.springframework.test.context.web.ServletTestExecutionListener, org.springframework.test.context.support.DirtiesContextBeforeModesTestExecutionListener, org.springframework.test.context.support.DependencyInjectionTestExecutionListener, org.springframework.test.context.support.DirtiesContextTestExecutionListener, org.springframework.test.context.transaction.TransactionalTestExecutionListener, org.springframework.test.context.jdbc.SqlScriptsTestExecutionListener]
2022-09-05 19:20:35.333  INFO 13040 --- [    Test worker] .b.t.a.w.s.WebMvcTestContextBootstrapper : Using TestExecutionListeners: [org.springframework.test.context.web.ServletTestExecutionListener@345ff48a, org.springframework.test.context.support.DirtiesContextBeforeModesTestExecutionListener@621252, org.springframework.boot.test.mock.mockito.MockitoTestExecutionListener@4840710d, org.springframework.boot.test.autoconfigure.SpringBootDependencyInjectionTestExecutionListener@7347f632, org.springframework.test.context.support.DirtiesContextTestExecutionListener@3877a774, org.springframework.test.context.transaction.TransactionalTestExecutionListener@2817c2aa, org.springframework.test.context.jdbc.SqlScriptsTestExecutionListener@631416bc, org.springframework.security.test.context.support.WithSecurityContextTestExecutionListener@2fae9a8a, org.springframework.security.test.context.support.ReactorContextTestExecutionListener@2ae7c40c, org.springframework.boot.test.autoconfigure.restdocs.RestDocsTestExecutionListener@3c734168, org.springframework.boot.test.autoconfigure.web.client.MockRestServiceServerResetTestExecutionListener@7f9111ac, org.springframework.boot.test.autoconfigure.web.servlet.MockMvcPrintOnlyOnFailureTestExecutionListener@2430ae1e, org.springframework.boot.test.autoconfigure.web.servlet.WebDriverTestExecutionListener@3063d930, org.springframework.boot.test.mock.mockito.ResetMocksTestExecutionListener@16bda655]

  .   ____          _            __ _ _
 /\\ / ___'_ __ _ _(_)_ __  __ _ \ \ \ \
( ( )\___ | '_ | '_| | '_ \/ _` | \ \ \ \
 \\/  ___)| |_)| | | | | || (_| |  ) ) ) )
  '  |____| .__|_| |_|_| |_\__, | / / / /
 =========|_|==============|___/=/_/_/_/
 :: Spring Boot ::        (v2.1.7.RELEASE)

2022-09-05 19:20:35.385  INFO 13040 --- [    Test worker] c.j.b.s.web.HelloControllerTest          : Starting HelloControllerTest on DESKTOP-N266S37 with PID 13040 (started by HwanKim in C:\Users\HwanKim\projects\freelec-springboot2-webservice)
2022-09-05 19:20:35.385  INFO 13040 --- [    Test worker] c.j.b.s.web.HelloControllerTest          : No active profile set, falling back to default profiles: default
2022-09-05 19:20:36.126  INFO 13040 --- [    Test worker] o.s.s.concurrent.ThreadPoolTaskExecutor  : Initializing ExecutorService 'applicationTaskExecutor'
2022-09-05 19:20:36.177  INFO 13040 --- [    Test worker] o.s.b.a.w.s.WelcomePageHandlerMapping    : Adding welcome page template: index
2022-09-05 19:20:36.467  INFO 13040 --- [    Test worker] .s.s.UserDetailsServiceAutoConfiguration : 

Using generated security password: 6598f731-7067-4823-bac5-a6e4b6d31c04

2022-09-05 19:20:36.669  INFO 13040 --- [    Test worker] o.s.s.web.DefaultSecurityFilterChain     : Creating filter chain: any request, [org.springframework.security.web.context.request.async.WebAsyncManagerIntegrationFilter@2a831cc6, org.springframework.security.web.context.SecurityContextPersistenceFilter@49af19de, org.springframework.security.web.header.HeaderWriterFilter@532b001d, org.springframework.security.web.csrf.CsrfFilter@1851bf98, org.springframework.security.web.authentication.logout.LogoutFilter@7e2da875, org.springframework.security.web.authentication.UsernamePasswordAuthenticationFilter@305252ec, org.springframework.security.web.authentication.ui.DefaultLoginPageGeneratingFilter@41484bd0, org.springframework.security.web.authentication.ui.DefaultLogoutPageGeneratingFilter@4f6c1d79, org.springframework.security.web.authentication.www.BasicAuthenticationFilter@1fafe46d, org.springframework.security.web.savedrequest.RequestCacheAwareFilter@1267fefe, org.springframework.security.web.servletapi.SecurityContextHolderAwareRequestFilter@19c73f47, org.springframework.security.web.authentication.AnonymousAuthenticationFilter@2f800475, org.springframework.security.web.session.SessionManagementFilter@4613c89f, org.springframework.security.web.access.ExceptionTranslationFilter@1a783d68, org.springframework.security.web.access.intercept.FilterSecurityInterceptor@127ba904]
2022-09-05 19:20:36.695  INFO 13040 --- [    Test worker] o.s.b.t.m.w.SpringBootMockServletContext : Initializing Spring TestDispatcherServlet ''
2022-09-05 19:20:36.695  INFO 13040 --- [    Test worker] o.s.t.web.servlet.TestDispatcherServlet  : Initializing Servlet ''
2022-09-05 19:20:36.705  INFO 13040 --- [    Test worker] o.s.t.web.servlet.TestDispatcherServlet  : Completed initialization in 10 ms
2022-09-05 19:20:36.742  INFO 13040 --- [    Test worker] c.j.b.s.web.HelloControllerTest          : Started HelloControllerTest in 1.407 seconds (JVM running for 18.026)
]]></system-out>
  <system-err><![CDATA[]]></system-err>
</testsuite>
