<?xml version="1.0" encoding="UTF-8"?>
<testsuite name="com.jojoldu.book.springboot.web.HelloControllerTest" tests="2" skipped="0" failures="0" errors="0" timestamp="2022-09-06T02:25:48" hostname="DESKTOP-N266S37" time="0.226">
  <properties/>
  <testcase name="hello가_리턴된다" classname="com.jojoldu.book.springboot.web.HelloControllerTest" time="0.103"/>
  <testcase name="helloDto가_리턴된다" classname="com.jojoldu.book.springboot.web.HelloControllerTest" time="0.122"/>
  <system-out><![CDATA[2022-09-06 11:25:47.257  INFO 10408 --- [    Test worker] .b.t.a.w.s.WebMvcTestContextBootstrapper : Neither @ContextConfiguration nor @ContextHierarchy found for test class [com.jojoldu.book.springboot.web.HelloControllerTest], using SpringBootContextLoader
2022-09-06 11:25:47.259  INFO 10408 --- [    Test worker] o.s.t.c.support.AbstractContextLoader    : Could not detect default resource locations for test class [com.jojoldu.book.springboot.web.HelloControllerTest]: no resource found for suffixes {-context.xml, Context.groovy}.
2022-09-06 11:25:47.260  INFO 10408 --- [    Test worker] t.c.s.AnnotationConfigContextLoaderUtils : Could not detect default configuration classes for test class [com.jojoldu.book.springboot.web.HelloControllerTest]: HelloControllerTest does not declare any static, non-private, non-final, nested classes annotated with @Configuration.
2022-09-06 11:25:47.295  INFO 10408 --- [    Test worker] .b.t.c.SpringBootTestContextBootstrapper : Found @SpringBootConfiguration com.jojoldu.book.springboot.Application for test class com.jojoldu.book.springboot.web.HelloControllerTest
2022-09-06 11:25:47.296  INFO 10408 --- [    Test worker] .b.t.a.w.s.WebMvcTestContextBootstrapper : Loaded default TestExecutionListener class names from location [META-INF/spring.factories]: [org.springframework.security.test.context.support.WithSecurityContextTestExecutionListener, org.springframework.security.test.context.support.ReactorContextTestExecutionListener, org.springframework.boot.test.autoconfigure.restdocs.RestDocsTestExecutionListener, org.springframework.boot.test.autoconfigure.web.client.MockRestServiceServerResetTestExecutionListener, org.springframework.boot.test.autoconfigure.web.servlet.MockMvcPrintOnlyOnFailureTestExecutionListener, org.springframework.boot.test.autoconfigure.web.servlet.WebDriverTestExecutionListener, org.springframework.boot.test.mock.mockito.MockitoTestExecutionListener, org.springframework.boot.test.mock.mockito.ResetMocksTestExecutionListener, org.springframework.test.context.web.ServletTestExecutionListener, org.springframework.test.context.support.DirtiesContextBeforeModesTestExecutionListener, org.springframework.test.context.support.DependencyInjectionTestExecutionListener, org.springframework.test.context.support.DirtiesContextTestExecutionListener, org.springframework.test.context.transaction.TransactionalTestExecutionListener, org.springframework.test.context.jdbc.SqlScriptsTestExecutionListener]
2022-09-06 11:25:47.297  INFO 10408 --- [    Test worker] .b.t.a.w.s.WebMvcTestContextBootstrapper : Using TestExecutionListeners: [org.springframework.test.context.web.ServletTestExecutionListener@10f333f0, org.springframework.test.context.support.DirtiesContextBeforeModesTestExecutionListener@6ac3c3d5, org.springframework.boot.test.mock.mockito.MockitoTestExecutionListener@12f42e, org.springframework.boot.test.autoconfigure.SpringBootDependencyInjectionTestExecutionListener@56622665, org.springframework.test.context.support.DirtiesContextTestExecutionListener@5f07f3ea, org.springframework.test.context.transaction.TransactionalTestExecutionListener@2bae4eb4, org.springframework.test.context.jdbc.SqlScriptsTestExecutionListener@3c8a7c6b, org.springframework.security.test.context.support.WithSecurityContextTestExecutionListener@7b9c3491, org.springframework.security.test.context.support.ReactorContextTestExecutionListener@1b6410ab, org.springframework.boot.test.autoconfigure.restdocs.RestDocsTestExecutionListener@42e6369d, org.springframework.boot.test.autoconfigure.web.client.MockRestServiceServerResetTestExecutionListener@2d60638e, org.springframework.boot.test.autoconfigure.web.servlet.MockMvcPrintOnlyOnFailureTestExecutionListener@3742e20f, org.springframework.boot.test.autoconfigure.web.servlet.WebDriverTestExecutionListener@c184d04, org.springframework.boot.test.mock.mockito.ResetMocksTestExecutionListener@7fb9d0c4]

  .   ____          _            __ _ _
 /\\ / ___'_ __ _ _(_)_ __  __ _ \ \ \ \
( ( )\___ | '_ | '_| | '_ \/ _` | \ \ \ \
 \\/  ___)| |_)| | | | | || (_| |  ) ) ) )
  '  |____| .__|_| |_|_| |_\__, | / / / /
 =========|_|==============|___/=/_/_/_/
 :: Spring Boot ::        (v2.1.7.RELEASE)

2022-09-06 11:25:47.365  INFO 10408 --- [    Test worker] c.j.b.s.web.HelloControllerTest          : Starting HelloControllerTest on DESKTOP-N266S37 with PID 10408 (started by HwanKim in C:\Users\HwanKim\projects\freelec-springboot2-webservice)
2022-09-06 11:25:47.366  INFO 10408 --- [    Test worker] c.j.b.s.web.HelloControllerTest          : No active profile set, falling back to default profiles: default
2022-09-06 11:25:48.158  INFO 10408 --- [    Test worker] o.s.s.concurrent.ThreadPoolTaskExecutor  : Initializing ExecutorService 'applicationTaskExecutor'
2022-09-06 11:25:48.210  INFO 10408 --- [    Test worker] o.s.b.a.w.s.WelcomePageHandlerMapping    : Adding welcome page template: index
2022-09-06 11:25:48.529  INFO 10408 --- [    Test worker] .s.s.UserDetailsServiceAutoConfiguration : 

Using generated security password: 2394b0cd-a16e-4648-805a-3b899fa42c63

2022-09-06 11:25:48.742  INFO 10408 --- [    Test worker] o.s.s.web.DefaultSecurityFilterChain     : Creating filter chain: any request, [org.springframework.security.web.context.request.async.WebAsyncManagerIntegrationFilter@711178f9, org.springframework.security.web.context.SecurityContextPersistenceFilter@5ed684b8, org.springframework.security.web.header.HeaderWriterFilter@77b6d8a3, org.springframework.security.web.csrf.CsrfFilter@37a0bb2, org.springframework.security.web.authentication.logout.LogoutFilter@24ea3385, org.springframework.security.web.authentication.UsernamePasswordAuthenticationFilter@7d6bc612, org.springframework.security.web.authentication.ui.DefaultLoginPageGeneratingFilter@21634c46, org.springframework.security.web.authentication.ui.DefaultLogoutPageGeneratingFilter@3a9256c1, org.springframework.security.web.authentication.www.BasicAuthenticationFilter@6e849c0e, org.springframework.security.web.savedrequest.RequestCacheAwareFilter@57777ce5, org.springframework.security.web.servletapi.SecurityContextHolderAwareRequestFilter@16c5c568, org.springframework.security.web.authentication.AnonymousAuthenticationFilter@703cc971, org.springframework.security.web.session.SessionManagementFilter@24426a7c, org.springframework.security.web.access.ExceptionTranslationFilter@1c72ab4c, org.springframework.security.web.access.intercept.FilterSecurityInterceptor@46d62e7f]
2022-09-06 11:25:48.796  INFO 10408 --- [    Test worker] o.s.b.t.m.w.SpringBootMockServletContext : Initializing Spring TestDispatcherServlet ''
2022-09-06 11:25:48.796  INFO 10408 --- [    Test worker] o.s.t.web.servlet.TestDispatcherServlet  : Initializing Servlet ''
2022-09-06 11:25:48.817  INFO 10408 --- [    Test worker] o.s.t.web.servlet.TestDispatcherServlet  : Completed initialization in 21 ms
2022-09-06 11:25:48.868  INFO 10408 --- [    Test worker] c.j.b.s.web.HelloControllerTest          : Started HelloControllerTest in 1.566 seconds (JVM running for 16.165)
]]></system-out>
  <system-err><![CDATA[]]></system-err>
</testsuite>
